
{"level":"info","message":"Backend-Server listen on :3000"}
{"level":"info","message":"Backend-Server listen on :3000"}
{"level":"info","message":"Backend-Server listen on :3000"}
{"level":"info","message":"Backend-Server listen on :3000"}
{"level":"info","message":"Backend-Server listen on :3000"}
{"level":"info","message":"Backend-Server listen on :3000"}
{"level":"info","message":"Backend-Server listen on :3000"}
{"level":"info","message":"Return nya SALAH"}
{"level":"info","message":"Backend-Server listen on :3000"}
{"level":"info","message":"Return nya SALAH"}
{"level":"info","message":"Backend-Server listen on :3000"}
{"level":"info","message":"Backend-Server listen on :3000"}
{"level":"info","message":"Backend-Server listen on :3000"}
{"level":"info","message":"Return nya SALAH"}
{"level":"info","message":"Backend-Server listen on :3000"}
{"level":"info","message":"Return nya SALAH"}
{"level":"info","message":"Backend-Server listen on :3000"}
{"level":"info","message":"Backend-Server listen on :3000"}
{"level":"info","message":"Backend-Server listen on :3000"}
{"level":"info","message":"Backend-Server listen on :3000"}
{"level":"info","message":"Backend-Server listen on :3000"}
{"level":"info","message":"Backend-Server listen on :3000"}
{"level":"info","message":"Backend-Server listen on :3000"}
{"level":"info","message":"Backend-Server listen on :3000"}
{"level":"info","message":"Backend-Server listen on :3000"}
{"level":"info","message":"Backend-Server listen on :3000"}
{"level":"info","message":"Result Usecase undefined"}
{"level":"info","message":"Return nya SALAH"}
{"level":"info","message":"Backend-Server listen on :3000"}
{"level":"info","message":"Backend-Server listen on :3000"}
{"level":"info","message":"Backend-Server listen on :3000"}
{"level":"info","message":"Backend-Server listen on :3000"}
{"level":"info","message":"Backend-Server listen on :3000"}
{"level":"info","message":"Backend-Server listen on :3000"}
{"level":"info","message":"Backend-Server listen on :3000"}
{"level":"info","message":"Backend-Server listen on :3000"}
{"level":"info","message":"Backend-Server listen on :3000"}
{"level":"info","message":"Backend-Server listen on :3000"}
{"level":"info","message":"Backend-Server listen on :3000"}
{"level":"info","message":"Backend-Server listen on :3000"}
{"level":"info","message":"Backend-Server listen on :3000"}
{"level":"info","message":"Backend-Server listen on :3000"}
{"level":"info","message":"Result Usecase undefined"}
{"level":"info","message":"Return nya SALAH"}
{"level":"info","message":"Backend-Server listen on :3000"}
{"level":"info","message":"Backend-Server listen on :3000"}
{"level":"info","message":"Result Usecase undefined"}
{"level":"info","message":"Return nya SALAH"}
{"level":"info","message":"Backend-Server listen on :3000"}
{"level":"info","message":"Result Usecase undefined"}
{"level":"info","message":"Return nya SALAH"}
{"level":"info","message":"Result Usecase undefined"}
{"level":"info","message":"Return nya SALAH"}
{"level":"info","message":"Backend-Server listen on :3000"}
{"level":"info","message":"Return nya SALAH"}
{"level":"info","message":"Return nya SALAH"}
{"level":"info","message":"Return nya SALAH"}
{"level":"info","message":"Return nya SALAH"}
{"level":"info","message":"Backend-Server listen on :3000"}
{"level":"info","message":"Return nya SALAH"}
{"level":"info","message":"Backend-Server listen on :3000"}
{"level":"info","message":"Backend-Server listen on :3000"}
{"level":"info","message":"Backend-Server listen on :3000"}
{"level":"info","message":"Backend-Server listen on :3000"}
{"level":"info","message":"Backend-Server listen on :3000"}
{"level":"info","message":"Backend-Server listen on :3000"}
{"level":"info","message":"Backend-Server listen on :3000"}
{"level":"info","message":"Backend-Server listen on :3000"}
{"level":"info","message":"Backend-Server listen on :3000"}
{"level":"info","message":"Backend-Server listen on :3000"}
{"level":"info","message":"Backend-Server listen on :3000"}
{"level":"info","message":"Backend-Server listen on :3000"}
{"level":"info","message":"Backend-Server listen on :3000"}
{"level":"info","message":"Backend-Server listen on :3000"}
{"level":"info","message":"Backend-Server listen on :3000"}
{"level":"info","message":"Backend-Server listen on :3000"}
{"level":"info","message":"Backend-Server listen on :3000"}
{"level":"info","message":"Backend-Server listen on :3000"}
{"level":"info","message":"Backend-Server listen on :3000"}
{"level":"info","message":"Backend-Server listen on :3000"}
{"level":"info","message":"Backend-Server listen on :3000"}
{"level":"info","message":"Backend-Server listen on :3000"}
{"level":"info","message":"Backend-Server listen on :3000"}
{"level":"info","message":"Backend-Server listen on :3000"}
{"level":"info","message":"Backend-Server listen on :3000"}
{"level":"info","message":"Backend-Server listen on :3000"}
{"level":"info","message":"Backend-Server listen on :3000"}
{"level":"info","message":"Backend-Server listen on :3000"}
{"level":"info","message":"Backend-Server listen on :3000"}
{"level":"info","message":"Backend-Server listen on :3000"}
{"level":"info","message":"Backend-Server listen on :3000"}
{"level":"info","message":"Backend-Server listen on :3000"}
{"level":"info","message":"Backend-Server listen on :3000"}
{"level":"info","message":"Backend-Server listen on :3000"}
{"level":"info","message":"Backend-Server listen on :3000"}
{"level":"info","message":"Backend-Server listen on :3000"}
{"level":"info","message":"Backend-Server listen on :3000"}
{"level":"info","message":"Backend-Server listen on :3000"}
{"level":"info","message":"Backend-Server listen on :3000"}
{"level":"info","message":"Backend-Server listen on :3000"}
{"level":"info","message":"Backend-Server listen on :3000"}
{"level":"info","message":"Backend-Server listen on :3000"}
{"level":"info","message":"Backend-Server listen on :3000"}
{"level":"info","message":"Backend-Server listen on :3000"}
{"level":"info","message":"Backend-Server listen on :3000"}
{"level":"info","message":"Backend-Server listen on :3000"}
{"level":"info","message":"Backend-Server listen on :3000"}
{"level":"info","message":"Backend-Server listen on :3000"}
{"level":"info","message":"Backend-Server listen on :3000"}
{"level":"info","message":"Backend-Server listen on :3000"}
{"level":"info","message":"Backend-Server listen on :3000"}
{"level":"info","message":"Backend-Server listen on :3000"}
{"level":"info","message":"Backend-Server listen on :3000"}
{"level":"info","message":"Backend-Server listen on :3000"}
{"level":"info","message":"Backend-Server listen on :3000"}
{"level":"info","message":"Backend-Server listen on :3000"}
{"level":"info","message":"Backend-Server listen on :3000"}
{"level":"info","message":"Backend-Server listen on :3000"}
{"level":"info","message":"Backend-Server listen on :3000"}
{"level":"info","message":"Backend-Server listen on :3000"}
{"level":"info","message":"Backend-Server listen on :3000"}
{"level":"info","message":"Backend-Server listen on :3000"}
{"level":"info","message":"Backend-Server listen on :3000"}
{"level":"info","message":"Backend-Server listen on :3000"}
{"level":"info","message":"Backend-Server listen on :3000"}
{"level":"info","message":"Backend-Server listen on :3000"}
{"level":"info","message":"Backend-Server listen on :3000"}
{"level":"info","message":"Backend-Server listen on :3000"}
{"level":"info","message":"Backend-Server listen on :3000"}
{"level":"info","message":"Backend-Server listen on :3000"}
{"level":"info","message":"Backend-Server listen on :3000"}
{"level":"info","message":"Backend-Server listen on :3000"}
{"level":"info","message":"Backend-Server listen on :3000"}
{"level":"info","message":"Backend-Server listen on :3000"}
{"level":"info","message":"Backend-Server listen on :3000"}
{"level":"info","message":"Backend-Server listen on :3000"}
{"level":"info","message":"Backend-Server listen on :3000"}
{"level":"info","message":"Backend-Server listen on :3000"}
{"level":"info","message":"Backend-Server listen on :3000"}
{"level":"info","message":"Backend-Server listen on :3000"}
{"level":"info","message":"Backend-Server listen on :3000"}
{"level":"info","message":"Backend-Server listen on :3000"}
{"level":"info","message":"Backend-Server listen on :3000"}
{"level":"info","message":"Backend-Server listen on :3000"}
{"level":"info","message":"Backend-Server listen on :3000"}
{"level":"info","message":"Backend-Server listen on :3000"}
{"level":"info","message":"Backend-Server listen on :3000"}
{"level":"info","message":"Backend-Server listen on :3000"}
{"level":"info","message":"Backend-Server listen on :3000"}
{"level":"info","message":"Backend-Server listen on :3000"}
{"level":"info","message":"Backend-Server listen on :3000"}
{"level":"info","message":"Backend-Server listen on :3000"}
{"level":"info","message":"Backend-Server listen on :3000"}
{"level":"info","message":"Backend-Server listen on :3000"}
{"level":"info","message":"Backend-Server listen on :3000"}
{"level":"info","message":"Backend-Server listen on :3000"}
{"level":"info","message":"Backend-Server listen on :3000"}
{"level":"info","message":"Backend-Server listen on :3000"}
{"level":"info","message":"Backend-Server listen on :3000"}
{"level":"info","message":"Backend-Server listen on :3000"}
{"level":"info","message":"Backend-Server listen on :3000"}
{"level":"info","message":"Backend-Server listen on :3000"}
{"level":"info","message":"Backend-Server listen on :3000"}
{"level":"info","message":"Backend-Server listen on :3000"}
{"level":"info","message":"Backend-Server listen on :3000"}
{"level":"info","message":"Backend-Server listen on :3000"}
{"level":"info","message":"Backend-Server listen on :3000"}
{"level":"info","message":"Backend-Server listen on :3000"}
{"level":"info","message":"Backend-Server listen on :3000"}
{"level":"info","message":"Backend-Server listen on :3000"}
{"level":"info","message":"Backend-Server listen on :3000"}
{"level":"info","message":"Backend-Server listen on :3000"}
{"level":"info","message":"Backend-Server listen on :3000"}
{"level":"info","message":"Backend-Server listen on :3000"}
{"level":"info","message":"Backend-Server listen on :3000"}
{"level":"info","message":"Backend-Server listen on :3000"}
{"level":"info","message":"Backend-Server listen on :3000"}
{"level":"info","message":"Backend-Server listen on :3000"}
{"level":"info","message":"Backend-Server listen on :3000"}
{"level":"info","message":"Backend-Server listen on :3000"}
{"level":"info","message":"Backend-Server listen on :3000"}
{"level":"info","message":"Backend-Server listen on :3000"}
{"level":"info","message":"Backend-Server listen on :3000"}
{"level":"info","message":"Backend-Server listen on :3000"}
{"level":"info","message":"Backend-Server listen on :3000"}
{"level":"info","message":"Backend-Server listen on :3000"}
{"level":"info","message":"Backend-Server listen on :3000"}
{"level":"info","message":"Backend-Server listen on :3000"}
{"level":"info","message":"Backend-Server listen on :3000"}
{"level":"info","message":"Backend-Server listen on :3000"}
{"level":"info","message":"Backend-Server listen on :3000"}
{"level":"info","message":"Backend-Server listen on :3000"}
{"level":"info","message":"Backend-Server listen on :3000"}
{"level":"info","message":"Backend-Server listen on :3000"}
{"level":"info","message":"Backend-Server listen on :3000"}
{"level":"info","message":"Backend-Server listen on :3000"}
{"level":"info","message":"Backend-Server listen on :3000"}
{"level":"info","message":"Backend-Server listen on :3000"}
{"level":"info","message":"Backend-Server listen on :3000"}
{"level":"info","message":"Backend-Server listen on :3000"}
{"level":"info","message":"Backend-Server listen on :3000"}
{"level":"info","message":"Backend-Server listen on :3000"}
{"level":"info","message":"Backend-Server listen on :3000"}
{"level":"info","message":"Backend-Server listen on :3000"}
{"level":"info","message":"Backend-Server listen on :3000"}
{"level":"info","message":"Backend-Server listen on :3000"}
{"level":"info","message":"Backend-Server listen on :3000"}
{"level":"info","message":"Backend-Server listen on :3000"}
{"level":"info","message":"Backend-Server listen on :3000"}
{"level":"info","message":"Backend-Server listen on :3000"}
{"level":"info","message":"Backend-Server listen on :3000"}
{"level":"info","message":"Backend-Server listen on :3000"}
{"level":"info","message":"Backend-Server listen on :3000"}
{"level":"info","message":"Backend-Server listen on :3000"}
{"level":"info","message":"Backend-Server listen on :3000"}
{"level":"info","message":"Backend-Server listen on :3000"}
{"level":"info","message":"Backend-Server listen on :3000"}
{"level":"info","message":"Backend-Server listen on :3000"}
{"level":"info","message":"Backend-Server listen on :3000"}
{"level":"info","message":"Backend-Server listen on :3000"}
{"level":"info","message":"Backend-Server listen on :3000"}
{"level":"info","message":"Backend-Server listen on :3000"}
{"level":"info","message":"Backend-Server listen on :3000"}
{"level":"info","message":"Backend-Server listen on :3000"}
{"level":"info","message":"Backend-Server listen on :3000"}
{"level":"info","message":"Backend-Server listen on :3000"}
{"level":"info","message":"Backend-Server listen on :3000"}
{"level":"info","message":"Backend-Server listen on :3000"}
{"level":"info","message":"Backend-Server listen on :3000"}
{"level":"info","message":"Backend-Server listen on :3000"}
{"level":"info","message":"Backend-Server listen on :3000"}
{"level":"info","message":"Backend-Server listen on :3000"}
{"level":"info","message":"Backend-Server listen on :3000"}
{"level":"info","message":"Backend-Server listen on :3000"}
{"level":"info","message":"Backend-Server listen on :3000"}
{"level":"info","message":"Backend-Server listen on :3000"}
{"level":"info","message":"Backend-Server listen on :3000"}
{"level":"info","message":"Backend-Server listen on :3000"}
{"level":"info","message":"Backend-Server listen on :3000"}
{"level":"info","message":"Backend-Server listen on :3000"}
{"level":"info","message":"Backend-Server listen on :3000"}
{"level":"info","message":"Backend-Server listen on :3000"}
{"level":"info","message":"Backend-Server listen on :3000"}
{"level":"info","message":"Backend-Server listen on :3000"}
{"level":"info","message":"Backend-Server listen on :3000"}
{"level":"info","message":"Backend-Server listen on :3000"}
{"level":"info","message":"Backend-Server listen on :3000"}
{"level":"info","message":"Backend-Server listen on :3000"}
{"level":"info","message":"Backend-Server listen on :3000"}
{"level":"info","message":"Backend-Server listen on :3000"}
{"level":"info","message":"Backend-Server listen on :3000"}
{"level":"info","message":"Backend-Server listen on :3000"}
{"level":"info","message":"Backend-Server listen on :3000"}
{"level":"info","message":"Backend-Server listen on :3000"}
{"level":"info","message":"Backend-Server listen on :3000"}
{"level":"info","message":"Backend-Server listen on :3000"}
{"level":"info","message":"Backend-Server listen on :3000"}
{"level":"info","message":"Backend-Server listen on :3000"}
{"level":"info","message":"Backend-Server listen on :3000"}
{"level":"info","message":"Backend-Server listen on :3000"}
{"level":"info","message":"Backend-Server listen on :3000"}
{"level":"info","message":"Backend-Server listen on :3000"}
{"level":"info","message":"Backend-Server listen on :3000"}
{"level":"info","message":"Backend-Server listen on :3000"}
{"level":"info","message":"Backend-Server listen on :3000"}
{"level":"info","message":"Backend-Server listen on :3000"}
{"level":"info","message":"Backend-Server listen on :3000"}
{"level":"info","message":"Backend-Server listen on :3000"}
{"level":"info","message":"Backend-Server listen on :3000"}
{"level":"info","message":"Backend-Server listen on :3000"}
{"level":"info","message":"Backend-Server listen on :3000"}
{"level":"info","message":"Backend-Server listen on :3000"}
{"level":"info","message":"Backend-Server listen on :3000"}
{"level":"info","message":"Backend-Server listen on :3000"}
{"level":"info","message":"Backend-Server listen on :3000"}
{"level":"info","message":"Backend-Server listen on :3000"}
{"level":"info","message":"Backend-Server listen on :3000"}
{"level":"info","message":"Backend-Server listen on :3000"}
{"level":"info","message":"Backend-Server listen on :3000"}
{"level":"info","message":"Backend-Server listen on :3000"}
{"level":"info","message":"Backend-Server listen on :3000"}
{"level":"info","message":"Backend-Server listen on :3000"}
{"level":"info","message":"Backend-Server listen on :3000"}
{"level":"info","message":"Backend-Server listen on :3000"}
{"level":"info","message":"Backend-Server listen on :3000"}
{"level":"info","message":"Backend-Server listen on :3000"}
{"level":"info","message":"Backend-Server listen on :3000"}
{"level":"info","message":"Backend-Server listen on :3000"}
{"level":"info","message":"Backend-Server listen on :3000"}
{"level":"info","message":"Backend-Server listen on :3000"}
{"level":"info","message":"Backend-Server listen on :3000"}
{"level":"info","message":"Backend-Server listen on :3000"}
{"level":"info","message":"Backend-Server listen on :3000"}
{"level":"info","message":"Backend-Server listen on :3000"}
{"level":"info","message":"Backend-Server listen on :3000"}
{"level":"info","message":"Backend-Server listen on :3000"}
{"level":"info","message":"Request Time :18/04/2019 12:03:57"}
{"level":"info","message":"Route Result :500"}
{"level":"info","message":"Backend-Server listen on :3000"}
{"level":"info","message":"Request Time :18/04/2019 12:04:49"}
{"level":"info","message":"Route Result :500"}
{"level":"info","message":"Request Time :18/04/2019 12:04:56"}
{"level":"info","message":"Route Result :200"}
{"level":"info","message":"Request Time :18/04/2019 12:05:03"}
{"level":"info","message":"Route Result :200"}
{"level":"info","message":"Request Time :18/04/2019 12:05:19"}
{"level":"info","message":"Route Result :200"}
{"level":"info","message":"Request Time :18/04/2019 12:06:02"}
{"level":"info","message":"Route Result :200"}
{"level":"info","message":"Request Time :18/04/2019 12:06:17"}
{"level":"info","message":"Route Result :200"}
{"level":"info","message":"Backend-Server listen on :3000"}
{"level":"info","message":"Request Time :18/04/2019 12:11:11"}
{"level":"info","message":"Request Time :18/04/2019 12:11:24"}
{"level":"info","message":"Route Result :200"}
{"level":"info","message":"Request Time :18/04/2019 12:11:45"}
{"level":"info","message":"Route Result :200"}
{"level":"info","message":"Request Time :18/04/2019 12:12:20"}
{"level":"info","message":"Route Result :200"}
{"level":"info","message":"Request Time :18/04/2019 12:12:24"}
{"level":"info","message":"Route Result :200"}
{"level":"info","message":"Backend-Server listen on :3000"}
{"level":"info","message":"Request Time :18/04/2019 12:24:50"}
{"level":"info","message":"Request Time :18/04/2019 12:25:07"}
{"level":"info","message":"Request Time :18/04/2019 12:25:24"}
{"level":"info","message":"Request Time :18/04/2019 12:25:39"}
{"level":"info","message":"Route Result :200"}
{"level":"info","message":"Request Time :18/04/2019 12:25:52"}
{"level":"info","message":"Route Result :200"}
{"level":"info","message":"Request Time :18/04/2019 12:32:39"}
{"level":"info","message":"Route Result :400"}
{"level":"info","message":"Request Time :18/04/2019 12:32:49"}
{"level":"info","message":"Route Result :400"}
{"level":"info","message":"Backend-Server listen on :3000"}
{"level":"info","message":"Backend-Server listen on :3000"}
{"level":"info","message":"Request Time :18/04/2019 12:39:21"}
{"level":"info","message":"Route Result :401"}
{"level":"info","message":"Request Time :18/04/2019 12:39:27"}
{"level":"info","message":"Route Result :200"}
{"level":"info","message":"Request Time :18/04/2019 12:39:40"}
{"level":"info","message":"Route Result :200"}
{"level":"info","message":"Request Time :18/04/2019 12:39:55"}
{"level":"info","message":"Route Result :200"}
{"level":"info","message":"Request Time :18/04/2019 12:39:58"}
{"level":"info","message":"Route Result :200"}
{"level":"info","message":"Request Time :18/04/2019 12:40:06"}
{"level":"info","message":"Route Result :200"}
{"level":"info","message":"Request Time :18/04/2019 12:40:09"}
{"level":"info","message":"Route Result :200"}
{"level":"info","message":"Request Time :18/04/2019 12:40:20"}
{"level":"info","message":"Route Result :200"}
{"level":"info","message":"Request Time :18/04/2019 12:40:22"}
{"level":"info","message":"Route Result :200"}
{"level":"info","message":"Request Time :18/04/2019 12:47:47"}
{"level":"info","message":"Route Result :403"}
{"level":"info","message":"Backend-Server listen on :3000"}
{"level":"info","message":"Backend-Server listen on :3000"}
{"level":"info","message":"Request Time :18/04/2019 12:55:29"}
{"level":"info","message":"Route Result :200"}
{"level":"info","message":"Backend-Server listen on :3000"}
{"level":"info","message":"Backend-Server listen on :3000"}
{"level":"info","message":"Backend-Server listen on :3000"}
{"level":"info","message":"Backend-Server listen on :3000"}
{"level":"info","message":"Backend-Server listen on :3000"}
{"level":"info","message":"Backend-Server listen on :3000"}
{"level":"info","message":"Backend-Server listen on :3000"}
{"level":"info","message":"Backend-Server listen on :3000"}
{"level":"info","message":"Request Time :18/04/2019 15:44:02"}
{"level":"info","message":"Route Result :403"}
{"level":"info","message":"Request Time :18/04/2019 15:44:06"}
{"level":"info","message":"Route Result :401"}
{"level":"info","message":"Request Time :18/04/2019 15:44:31"}
{"level":"info","message":"Route Result :200"}
{"level":"info","message":"Request Time :18/04/2019 15:44:45"}
{"level":"info","message":"Route Result :403"}
{"level":"info","message":"Request Time :18/04/2019 15:45:06"}
{"level":"info","message":"Backend-Server listen on :3000"}
{"level":"info","message":"Request Time :18/04/2019 15:45:21"}
{"level":"info","message":"Route Result :200"}
{"level":"info","message":"Request Time :18/04/2019 15:46:51"}
{"level":"info","message":"Route Result :200"}
{"level":"info","message":"Request Time :18/04/2019 15:49:22"}
{"level":"info","message":"Backend-Server listen on :3000"}
{"level":"info","message":"Request Time :18/04/2019 15:51:09"}
{"level":"info","message":"Route Result :200"}
{"level":"info","message":"Request Time :18/04/2019 15:52:19"}
{"level":"info","message":"Route Result :200"}
{"level":"info","message":"Request Time :18/04/2019 15:58:24"}
{"level":"info","message":"Backend-Server listen on :3000"}
{"level":"info","message":"Request Time :18/04/2019 15:58:42"}
{"level":"info","message":"Backend-Server listen on :3000"}
{"level":"info","message":"Backend-Server listen on :3000"}
{"level":"info","message":"Request Time :18/05/2019 08:58:29"}
{"level":"info","message":"Request Time :18/05/2019 08:58:29"}
{"level":"info","message":"Request Time :18/05/2019 08:58:59"}
{"level":"info","message":"Request Time :18/05/2019 08:59:00"}
{"level":"info","message":"Backend-Server listen on :3000"}
{"level":"info","message":"Request Time :18/05/2019 09:00:18"}
{"level":"info","message":"Backend-Server listen on :3000"}
{"level":"info","message":"Request Time :18/05/2019 09:00:52"}
{"level":"info","message":"Request Time :18/05/2019 09:01:06"}
{"level":"info","message":"Request Time :18/05/2019 09:01:06"}
{"level":"info","message":"Request Time :18/05/2019 09:01:06"}
{"level":"info","message":"Request Time :18/05/2019 09:01:06"}
{"level":"info","message":"Request Time :18/05/2019 09:01:06"}
{"level":"info","message":"Request Time :18/05/2019 09:01:57"}
{"level":"info","message":"Request Time :18/05/2019 09:01:57"}
{"level":"info","message":"Request Time :18/05/2019 09:01:57"}
{"level":"info","message":"Request Time :18/05/2019 09:01:57"}
{"level":"info","message":"Request Time :18/05/2019 09:03:22"}
{"level":"info","message":"Request Time :18/05/2019 09:03:22"}
{"level":"info","message":"Request Time :18/05/2019 09:03:22"}
{"level":"info","message":"Request Time :18/05/2019 09:04:14"}
{"level":"info","message":"Request Time :18/05/2019 09:04:14"}
{"level":"info","message":"Request Time :18/05/2019 09:04:14"}
{"level":"info","message":"Request Time :18/05/2019 09:04:14"}
{"level":"info","message":"Request Time :18/05/2019 09:04:14"}
{"level":"info","message":"Request Time :18/05/2019 09:04:15"}
{"level":"info","message":"Request Time :18/05/2019 09:05:45"}
{"level":"info","message":"Request Time :18/05/2019 09:05:45"}
{"level":"info","message":"Request Time :18/05/2019 09:05:45"}
{"level":"info","message":"Request Time :18/05/2019 09:05:45"}
{"level":"info","message":"Request Time :18/05/2019 09:05:45"}
{"level":"info","message":"Request Time :18/05/2019 09:05:45"}
{"level":"info","message":"Request Time :18/05/2019 09:06:01"}
{"level":"info","message":"Request Time :18/05/2019 09:06:02"}
{"level":"info","message":"Request Time :18/05/2019 09:06:02"}
{"level":"info","message":"Request Time :18/05/2019 09:06:02"}
{"level":"info","message":"Request Time :18/05/2019 09:06:02"}
{"level":"info","message":"Request Time :18/05/2019 09:06:02"}
{"level":"info","message":"Request Time :18/05/2019 09:07:41"}
{"level":"info","message":"Request Time :18/05/2019 09:07:41"}
{"level":"info","message":"Request Time :18/05/2019 09:07:41"}
{"level":"info","message":"Request Time :18/05/2019 09:07:41"}
{"level":"info","message":"Request Time :18/05/2019 09:08:38"}
{"level":"info","message":"Request Time :18/05/2019 09:08:38"}
{"level":"info","message":"Request Time :18/05/2019 09:09:26"}
{"level":"info","message":"Request Time :18/05/2019 09:09:26"}
{"level":"info","message":"Request Time :18/05/2019 09:09:33"}
{"level":"info","message":"Request Time :18/05/2019 09:10:28"}
{"level":"info","message":"Request Time :18/05/2019 09:10:28"}
{"level":"info","message":"Request Time :18/05/2019 09:11:03"}
{"level":"info","message":"Request Time :18/05/2019 09:11:03"}
{"level":"info","message":"Request Time :18/05/2019 09:11:46"}
{"level":"info","message":"Request Time :18/05/2019 09:11:47"}
{"level":"info","message":"Request Time :18/05/2019 09:11:59"}
{"level":"info","message":"Request Time :18/05/2019 09:11:59"}
{"level":"info","message":"Request Time :18/05/2019 09:12:08"}
{"level":"info","message":"Request Time :18/05/2019 09:12:08"}
{"level":"info","message":"Request Time :18/05/2019 09:13:35"}
{"level":"info","message":"Request Time :18/05/2019 09:15:19"}
{"level":"info","message":"Request Time :18/05/2019 09:15:19"}
{"level":"info","message":"Request Time :18/05/2019 09:15:19"}
{"level":"info","message":"Request Time :18/05/2019 09:15:51"}
{"level":"info","message":"Request Time :18/05/2019 09:15:51"}
{"level":"info","message":"Request Time :18/05/2019 09:15:51"}
{"level":"info","message":"Request Time :18/05/2019 09:21:19"}
{"level":"info","message":"Request Time :18/05/2019 09:21:19"}
{"level":"info","message":"Request Time :18/05/2019 09:21:19"}
{"level":"info","message":"Request Time :18/05/2019 09:23:39"}
{"level":"info","message":"Request Time :18/05/2019 09:23:40"}
{"level":"info","message":"Request Time :18/05/2019 09:23:40"}
{"level":"info","message":"Request Time :18/05/2019 09:25:50"}
{"level":"info","message":"Request Time :18/05/2019 09:25:55"}
{"level":"info","message":"Request Time :18/05/2019 09:25:56"}
{"level":"info","message":"Request Time :18/05/2019 09:25:56"}
{"level":"info","message":"Request Time :18/05/2019 09:27:58"}
{"level":"info","message":"Request Time :18/05/2019 09:27:58"}
{"level":"info","message":"Request Time :18/05/2019 09:27:59"}
{"level":"info","message":"Request Time :18/05/2019 09:28:02"}
{"level":"info","message":"Request Time :18/05/2019 09:28:02"}
{"level":"info","message":"Request Time :18/05/2019 09:28:02"}
{"level":"info","message":"Request Time :18/05/2019 09:28:26"}
{"level":"info","message":"Request Time :18/05/2019 09:28:26"}
{"level":"info","message":"Request Time :18/05/2019 09:28:26"}
{"level":"info","message":"Request Time :18/05/2019 09:28:34"}
{"level":"info","message":"Request Time :18/05/2019 09:28:35"}
{"level":"info","message":"Request Time :18/05/2019 09:28:35"}
{"level":"info","message":"Request Time :18/05/2019 09:28:57"}
{"level":"info","message":"Request Time :18/05/2019 09:28:57"}
{"level":"info","message":"Request Time :18/05/2019 09:28:57"}
